This file contains any messages produced by compilers while
running configure, to aid debugging if configure makes a mistake.

It was created by mentohust configure 0.3.1, which was
generated by GNU Autoconf 2.71.  Invocation command line was

  $ configure

## --------- ##
## Platform. ##
## --------- ##

hostname = Harukide-MBP.lan
uname -m = arm64
uname -r = 21.0.1
uname -s = Darwin
uname -v = Darwin Kernel Version 21.0.1: Tue Sep 14 20:56:24 PDT 2021; root:xnu-8019.30.61~4/RELEASE_ARM64_T6000

/usr/bin/uname -p = arm
/bin/uname -X     = unknown

/bin/arch              = unknown
/usr/bin/arch -k       = unknown
/usr/convex/getsysinfo = unknown
/usr/bin/hostinfo      = Mach kernel version:
	 Darwin Kernel Version 21.0.1: Tue Sep 14 20:56:24 PDT 2021; root:xnu-8019.30.61~4/RELEASE_ARM64_T6000
Kernel configured for up to 10 processors.
10 processors are physically available.
10 processors are logically available.
Processor type: arm64e (ARM64E)
Processors active: 0 1 2 3 4 5 6 7 8 9
Primary memory available: 16.00 gigabytes
Default processor set: 777 tasks, 3983 threads, 10 processors
Load average: 5.61, Mach factor: 4.85
/bin/machine           = unknown
/usr/bin/oslevel       = unknown
/bin/universe          = unknown

PATH: /usr/local/opt/gnu-getopt/bin/
PATH: /Users/yanlc/bin/
PATH: /usr/local/bin/
PATH: /opt/homebrew/bin/
PATH: /opt/homebrew/sbin/
PATH: /Library/Frameworks/Python.framework/Versions/3.8/bin/
PATH: /usr/local/bin/
PATH: /usr/bin/
PATH: /bin/
PATH: /usr/sbin/
PATH: /sbin/
PATH: /Library/Apple/usr/bin/


## ----------- ##
## Core tests. ##
## ----------- ##

configure:2439: looking for aux files: config.rpath compile missing install-sh config.guess config.sub
configure:2452:  trying ./
configure:2481:   ./config.rpath found
configure:2481:   ./compile found
configure:2481:   ./missing found
configure:2463:   ./install-sh found
configure:2481:   ./config.guess found
configure:2481:   ./config.sub found
configure:2599: checking build system type
configure:2614: result: aarch64-apple-darwin21.0.1
configure:2634: checking host system type
configure:2648: result: aarch64-apple-darwin21.0.1
configure:2685: checking for a BSD-compatible install
configure:2758: result: /usr/bin/install -c
configure:2769: checking whether build environment is sane
configure:2824: result: yes
configure:2983: checking for a race-free mkdir -p
configure:3027: result: ./install-sh -c -d
configure:3034: checking for gawk
configure:3069: result: no
configure:3034: checking for mawk
configure:3069: result: no
configure:3034: checking for nawk
configure:3069: result: no
configure:3034: checking for awk
configure:3055: found /usr/bin/awk
configure:3066: result: awk
configure:3077: checking whether make sets $(MAKE)
configure:3100: result: yes
configure:3130: checking whether make supports nested variables
configure:3148: result: yes
configure:3300: checking whether make supports nested variables
configure:3318: result: yes
configure:3406: checking for gcc
configure:3427: found /usr/bin/gcc
configure:3438: result: gcc
configure:3791: checking for C compiler version
configure:3800: gcc --version >&5
Apple clang version 13.0.0 (clang-1300.0.29.3)
Target: arm64-apple-darwin21.0.1
Thread model: posix
InstalledDir: /Applications/Xcode.app/Contents/Developer/Toolchains/XcodeDefault.xctoolchain/usr/bin
Configured with: --prefix=/Applications/Xcode.app/Contents/Developer/usr --with-gxx-include-dir=/Applications/Xcode.app/Contents/Developer/Platforms/MacOSX.platform/Developer/SDKs/MacOSX.sdk/usr/include/c++/4.2.1
configure:3811: $? = 0
configure:3800: gcc -v >&5
Configured with: --prefix=/Applications/Xcode.app/Contents/Developer/usr --with-gxx-include-dir=/Applications/Xcode.app/Contents/Developer/Platforms/MacOSX.platform/Developer/SDKs/MacOSX.sdk/usr/include/c++/4.2.1
Apple clang version 13.0.0 (clang-1300.0.29.3)
Target: arm64-apple-darwin21.0.1
Thread model: posix
InstalledDir: /Applications/Xcode.app/Contents/Developer/Toolchains/XcodeDefault.xctoolchain/usr/bin
configure:3811: $? = 0
configure:3800: gcc -V >&5
clang: error: argument to '-V' is missing (expected 1 value)
clang: error: no input files
configure:3811: $? = 1
configure:3800: gcc -qversion >&5
clang: error: unknown argument '-qversion'; did you mean '--version'?
clang: error: no input files
configure:3811: $? = 1
configure:3800: gcc -version >&5
clang: error: unknown argument '-version'; did you mean '--version'?
clang: error: no input files
configure:3811: $? = 1
configure:3831: checking whether the C compiler works
configure:3853: gcc  -Os -Wall   conftest.c  >&5
configure:3857: $? = 0
configure:3907: result: yes
configure:3910: checking for C compiler default output file name
configure:3912: result: a.out
configure:3918: checking for suffix of executables
configure:3925: gcc -o conftest  -Os -Wall   conftest.c  >&5
configure:3929: $? = 0
configure:3952: result: 
configure:3974: checking whether we are cross compiling
configure:3982: gcc -o conftest  -Os -Wall   conftest.c  >&5
configure:3986: $? = 0
configure:3993: ./conftest
configure:3997: $? = 0
configure:4012: result: no
configure:4017: checking for suffix of object files
configure:4040: gcc -c  -Os -Wall  conftest.c >&5
configure:4044: $? = 0
configure:4066: result: o
configure:4070: checking whether the compiler supports GNU C
configure:4090: gcc -c  -Os -Wall  conftest.c >&5
configure:4090: $? = 0
configure:4100: result: yes
configure:4111: checking whether gcc accepts -g
configure:4132: gcc -c -g  conftest.c >&5
configure:4132: $? = 0
configure:4176: result: yes
configure:4196: checking for gcc option to enable C11 features
configure:4211: gcc  -c  -Os -Wall  conftest.c >&5
configure:4211: $? = 0
configure:4229: result: none needed
configure:4345: checking whether gcc understands -c and -o together
configure:4368: gcc -c conftest.c -o conftest2.o
configure:4371: $? = 0
configure:4368: gcc -c conftest.c -o conftest2.o
configure:4371: $? = 0
configure:4383: result: yes
configure:4403: checking whether make supports the include directive
configure:4418: make -f confmf.GNU && cat confinc.out
this is the am__doit target
configure:4421: $? = 0
configure:4440: result: yes (GNU style)
configure:4466: checking dependency style of gcc
configure:4578: result: gcc3
configure:4598: checking for stdio.h
configure:4598: gcc -c  -Os -Wall  conftest.c >&5
configure:4598: $? = 0
configure:4598: result: yes
configure:4598: checking for stdlib.h
configure:4598: gcc -c  -Os -Wall  conftest.c >&5
configure:4598: $? = 0
configure:4598: result: yes
configure:4598: checking for string.h
configure:4598: gcc -c  -Os -Wall  conftest.c >&5
configure:4598: $? = 0
configure:4598: result: yes
configure:4598: checking for inttypes.h
configure:4598: gcc -c  -Os -Wall  conftest.c >&5
configure:4598: $? = 0
configure:4598: result: yes
configure:4598: checking for stdint.h
configure:4598: gcc -c  -Os -Wall  conftest.c >&5
configure:4598: $? = 0
configure:4598: result: yes
configure:4598: checking for strings.h
configure:4598: gcc -c  -Os -Wall  conftest.c >&5
configure:4598: $? = 0
configure:4598: result: yes
configure:4598: checking for sys/stat.h
configure:4598: gcc -c  -Os -Wall  conftest.c >&5
configure:4598: $? = 0
configure:4598: result: yes
configure:4598: checking for sys/types.h
configure:4598: gcc -c  -Os -Wall  conftest.c >&5
configure:4598: $? = 0
configure:4598: result: yes
configure:4598: checking for unistd.h
configure:4598: gcc -c  -Os -Wall  conftest.c >&5
configure:4598: $? = 0
configure:4598: result: yes
configure:4623: checking whether byte ordering is bigendian
configure:4639: gcc -c  -Os -Wall  conftest.c >&5
configure:4639: $? = 0
configure:4685: gcc -c  -Os -Wall  conftest.c >&5
configure:4685: $? = 0
configure:4704: gcc -c  -Os -Wall  conftest.c >&5
conftest.c:28:4: error: use of undeclared identifier 'not'
                 not big endian
                 ^
1 error generated.
configure:4704: $? = 1
configure: failed program was:
| /* confdefs.h */
| #define PACKAGE_NAME "mentohust"
| #define PACKAGE_TARNAME "mentohust"
| #define PACKAGE_VERSION "0.3.1"
| #define PACKAGE_STRING "mentohust 0.3.1"
| #define PACKAGE_BUGREPORT "http://code.google.com/p/mentohust/issues/list"
| #define PACKAGE_URL ""
| #define PACKAGE "mentohust"
| #define VERSION "0.3.1"
| #define HAVE_STDIO_H 1
| #define HAVE_STDLIB_H 1
| #define HAVE_STRING_H 1
| #define HAVE_INTTYPES_H 1
| #define HAVE_STDINT_H 1
| #define HAVE_STRINGS_H 1
| #define HAVE_SYS_STAT_H 1
| #define HAVE_SYS_TYPES_H 1
| #define HAVE_UNISTD_H 1
| #define STDC_HEADERS 1
| /* end confdefs.h.  */
| #include <sys/types.h>
| 		#include <sys/param.h>
| 
| int
| main (void)
| {
| #if BYTE_ORDER != BIG_ENDIAN
| 		 not big endian
| 		#endif
| 
|   ;
|   return 0;
| }
configure:4838: result: no
configure:4893: checking for iconv in -liconv
configure:4916: gcc -o conftest  -Os -Wall   conftest.c -liconv   >&5
configure:4916: $? = 0
configure:4926: result: yes
configure:4955: checking for dlsym in -ldl
configure:4978: gcc -o conftest  -Os -Wall   conftest.c -ldl  -liconv  >&5
configure:4978: $? = 0
configure:4988: result: yes
configure:5070: checking for dlsym in -ldl
configure:5103: result: yes
configure:5133: checking whether NLS is requested
configure:5143: result: yes
configure:5181: checking for msgfmt
configure: trying /opt/homebrew/bin/msgfmt...
0 translated messages.
configure:5214: result: /opt/homebrew/bin/msgfmt
configure:5223: checking for gmsgfmt
configure:5259: result: /opt/homebrew/bin/msgfmt
configure:5310: checking for xgettext
configure: trying /opt/homebrew/bin/xgettext...
/opt/homebrew/bin/xgettext: warning: file '/dev/null' extension '' is unknown; will try C
configure:5343: result: /opt/homebrew/bin/xgettext
configure:5389: checking for msgmerge
configure: trying /opt/homebrew/bin/msgmerge...
configure:5421: result: /opt/homebrew/bin/msgmerge
configure:5476: checking for ld used by GCC
configure:5541: result: /Applications/Xcode.app/Contents/Developer/Toolchains/XcodeDefault.xctoolchain/usr/bin/ld
configure:5548: checking if the linker (/Applications/Xcode.app/Contents/Developer/Toolchains/XcodeDefault.xctoolchain/usr/bin/ld) is GNU ld
configure:5562: result: no
configure:5570: checking for shared library run path origin
configure:5584: result: done
configure:6043: checking for CFPreferencesCopyAppValue
configure:6062: gcc -o conftest  -Os -Wall   conftest.c -ldl -ldl -liconv  -Wl,-framework -Wl,CoreFoundation >&5
conftest.c:30:37: warning: null passed to a callee that requires a non-null argument [-Wnonnull]
CFPreferencesCopyAppValue(NULL, NULL)
                          ~~~~      ^
conftest.c:30:37: warning: null passed to a callee that requires a non-null argument [-Wnonnull]
CFPreferencesCopyAppValue(NULL, NULL)
                                ~~~~^
2 warnings generated.
configure:6062: $? = 0
configure:6072: result: yes
configure:6079: checking for CFLocaleCopyCurrent
configure:6098: gcc -o conftest  -Os -Wall   conftest.c -ldl -ldl -liconv  -Wl,-framework -Wl,CoreFoundation >&5
configure:6098: $? = 0
configure:6108: result: yes
configure:6157: checking for GNU gettext in libc
configure:6178: gcc -o conftest  -Os -Wall   conftest.c -ldl -ldl -liconv  >&5
conftest.c:28:10: fatal error: 'libintl.h' file not found
#include <libintl.h>
         ^~~~~~~~~~~
1 error generated.
configure:6178: $? = 1
configure: failed program was:
| /* confdefs.h */
| #define PACKAGE_NAME "mentohust"
| #define PACKAGE_TARNAME "mentohust"
| #define PACKAGE_VERSION "0.3.1"
| #define PACKAGE_STRING "mentohust 0.3.1"
| #define PACKAGE_BUGREPORT "http://code.google.com/p/mentohust/issues/list"
| #define PACKAGE_URL ""
| #define PACKAGE "mentohust"
| #define VERSION "0.3.1"
| #define HAVE_STDIO_H 1
| #define HAVE_STDLIB_H 1
| #define HAVE_STRING_H 1
| #define HAVE_INTTYPES_H 1
| #define HAVE_STDINT_H 1
| #define HAVE_STRINGS_H 1
| #define HAVE_SYS_STAT_H 1
| #define HAVE_SYS_TYPES_H 1
| #define HAVE_UNISTD_H 1
| #define STDC_HEADERS 1
| #define MAC_OS /**/
| #define HAVE_LIBICONV 1
| #define HAVE_LIBDL 1
| #define HAVE_LIBDL 1
| #define GETTEXT_PACKAGE "mentohust"
| #define HAVE_CFPREFERENCESCOPYAPPVALUE 1
| #define HAVE_CFLOCALECOPYCURRENT 1
| /* end confdefs.h.  */
| #include <libintl.h>
| 
| extern int _nl_msg_cat_cntr;
| extern int *_nl_domain_bindings;
| int
| main (void)
| {
| bindtextdomain ("", "");
| return * gettext ("") + _nl_msg_cat_cntr + *_nl_domain_bindings
|   ;
|   return 0;
| }
configure:6188: result: no
configure:6222: checking for iconv
configure:6245: gcc -o conftest  -Os -Wall   conftest.c -ldl -ldl -liconv  >&5
configure:6245: $? = 0
configure:6279: result: yes
configure:6694: checking for GNU gettext in libintl
configure:6723: gcc -o conftest  -Os -Wall    conftest.c -ldl -ldl -liconv  -lintl >&5
conftest.c:29:10: fatal error: 'libintl.h' file not found
#include <libintl.h>
         ^~~~~~~~~~~
1 error generated.
configure:6723: $? = 1
configure: failed program was:
| /* confdefs.h */
| #define PACKAGE_NAME "mentohust"
| #define PACKAGE_TARNAME "mentohust"
| #define PACKAGE_VERSION "0.3.1"
| #define PACKAGE_STRING "mentohust 0.3.1"
| #define PACKAGE_BUGREPORT "http://code.google.com/p/mentohust/issues/list"
| #define PACKAGE_URL ""
| #define PACKAGE "mentohust"
| #define VERSION "0.3.1"
| #define HAVE_STDIO_H 1
| #define HAVE_STDLIB_H 1
| #define HAVE_STRING_H 1
| #define HAVE_INTTYPES_H 1
| #define HAVE_STDINT_H 1
| #define HAVE_STRINGS_H 1
| #define HAVE_SYS_STAT_H 1
| #define HAVE_SYS_TYPES_H 1
| #define HAVE_UNISTD_H 1
| #define STDC_HEADERS 1
| #define MAC_OS /**/
| #define HAVE_LIBICONV 1
| #define HAVE_LIBDL 1
| #define HAVE_LIBDL 1
| #define GETTEXT_PACKAGE "mentohust"
| #define HAVE_CFPREFERENCESCOPYAPPVALUE 1
| #define HAVE_CFLOCALECOPYCURRENT 1
| #define HAVE_ICONV 1
| /* end confdefs.h.  */
| #include <libintl.h>
| 
| extern int _nl_msg_cat_cntr;
| extern
| #ifdef __cplusplus
| "C"
| #endif
| const char *_nl_expand_alias (const char *);
| int
| main (void)
| {
| bindtextdomain ("", "");
| return * gettext ("") + _nl_msg_cat_cntr + *_nl_expand_alias ("")
|   ;
|   return 0;
| }
configure:6766: result: no
configure:6801: checking whether to use NLS
configure:6803: result: no
configure:6877: checking for iconv.h
configure:6877: gcc -c  -Os -Wall  conftest.c >&5
configure:6877: $? = 0
configure:6877: result: yes
configure:6883: checking for arpa/inet.h
configure:6883: gcc -c  -Os -Wall  conftest.c >&5
configure:6883: $? = 0
configure:6883: result: yes
configure:6889: checking for fcntl.h
configure:6889: gcc -c  -Os -Wall  conftest.c >&5
configure:6889: $? = 0
configure:6889: result: yes
configure:6895: checking for netinet/in.h
configure:6895: gcc -c  -Os -Wall  conftest.c >&5
configure:6895: $? = 0
configure:6895: result: yes
configure:6901: checking for stdint.h
configure:6901: result: yes
configure:6907: checking for stdlib.h
configure:6907: result: yes
configure:6913: checking for string.h
configure:6913: result: yes
configure:6919: checking for sys/ioctl.h
configure:6919: gcc -c  -Os -Wall  conftest.c >&5
configure:6919: $? = 0
configure:6919: result: yes
configure:6925: checking for sys/socket.h
configure:6925: gcc -c  -Os -Wall  conftest.c >&5
configure:6925: $? = 0
configure:6925: result: yes
configure:6931: checking for sys/time.h
configure:6931: gcc -c  -Os -Wall  conftest.c >&5
configure:6931: $? = 0
configure:6931: result: yes
configure:6937: checking for unistd.h
configure:6937: result: yes
configure:6943: checking for libintl.h
configure:6943: gcc -c  -Os -Wall  conftest.c >&5
conftest.c:68:10: fatal error: 'libintl.h' file not found
#include <libintl.h>
         ^~~~~~~~~~~
1 error generated.
configure:6943: $? = 1
configure: failed program was:
| /* confdefs.h */
| #define PACKAGE_NAME "mentohust"
| #define PACKAGE_TARNAME "mentohust"
| #define PACKAGE_VERSION "0.3.1"
| #define PACKAGE_STRING "mentohust 0.3.1"
| #define PACKAGE_BUGREPORT "http://code.google.com/p/mentohust/issues/list"
| #define PACKAGE_URL ""
| #define PACKAGE "mentohust"
| #define VERSION "0.3.1"
| #define HAVE_STDIO_H 1
| #define HAVE_STDLIB_H 1
| #define HAVE_STRING_H 1
| #define HAVE_INTTYPES_H 1
| #define HAVE_STDINT_H 1
| #define HAVE_STRINGS_H 1
| #define HAVE_SYS_STAT_H 1
| #define HAVE_SYS_TYPES_H 1
| #define HAVE_UNISTD_H 1
| #define STDC_HEADERS 1
| #define MAC_OS /**/
| #define HAVE_LIBICONV 1
| #define HAVE_LIBDL 1
| #define HAVE_LIBDL 1
| #define GETTEXT_PACKAGE "mentohust"
| #define HAVE_CFPREFERENCESCOPYAPPVALUE 1
| #define HAVE_CFLOCALECOPYCURRENT 1
| #define HAVE_ICONV 1
| #define HAVE_ICONV_H 1
| #define HAVE_ARPA_INET_H 1
| #define HAVE_FCNTL_H 1
| #define HAVE_NETINET_IN_H 1
| #define HAVE_STDINT_H 1
| #define HAVE_STDLIB_H 1
| #define HAVE_STRING_H 1
| #define HAVE_SYS_IOCTL_H 1
| #define HAVE_SYS_SOCKET_H 1
| #define HAVE_SYS_TIME_H 1
| #define HAVE_UNISTD_H 1
| /* end confdefs.h.  */
| #include <stddef.h>
| #ifdef HAVE_STDIO_H
| # include <stdio.h>
| #endif
| #ifdef HAVE_STDLIB_H
| # include <stdlib.h>
| #endif
| #ifdef HAVE_STRING_H
| # include <string.h>
| #endif
| #ifdef HAVE_INTTYPES_H
| # include <inttypes.h>
| #endif
| #ifdef HAVE_STDINT_H
| # include <stdint.h>
| #endif
| #ifdef HAVE_STRINGS_H
| # include <strings.h>
| #endif
| #ifdef HAVE_SYS_TYPES_H
| # include <sys/types.h>
| #endif
| #ifdef HAVE_SYS_STAT_H
| # include <sys/stat.h>
| #endif
| #ifdef HAVE_UNISTD_H
| # include <unistd.h>
| #endif
| #include <libintl.h>
configure:6943: result: no
configure:6949: checking for locale.h
configure:6949: gcc -c  -Os -Wall  conftest.c >&5
configure:6949: $? = 0
configure:6949: result: yes
configure:6958: checking for size_t
configure:6958: gcc -c  -Os -Wall  conftest.c >&5
configure:6958: $? = 0
configure:6958: gcc -c  -Os -Wall  conftest.c >&5
conftest.c:72:21: error: expected expression
if (sizeof ((size_t)))
                    ^
1 error generated.
configure:6958: $? = 1
configure: failed program was:
| /* confdefs.h */
| #define PACKAGE_NAME "mentohust"
| #define PACKAGE_TARNAME "mentohust"
| #define PACKAGE_VERSION "0.3.1"
| #define PACKAGE_STRING "mentohust 0.3.1"
| #define PACKAGE_BUGREPORT "http://code.google.com/p/mentohust/issues/list"
| #define PACKAGE_URL ""
| #define PACKAGE "mentohust"
| #define VERSION "0.3.1"
| #define HAVE_STDIO_H 1
| #define HAVE_STDLIB_H 1
| #define HAVE_STRING_H 1
| #define HAVE_INTTYPES_H 1
| #define HAVE_STDINT_H 1
| #define HAVE_STRINGS_H 1
| #define HAVE_SYS_STAT_H 1
| #define HAVE_SYS_TYPES_H 1
| #define HAVE_UNISTD_H 1
| #define STDC_HEADERS 1
| #define MAC_OS /**/
| #define HAVE_LIBICONV 1
| #define HAVE_LIBDL 1
| #define HAVE_LIBDL 1
| #define GETTEXT_PACKAGE "mentohust"
| #define HAVE_CFPREFERENCESCOPYAPPVALUE 1
| #define HAVE_CFLOCALECOPYCURRENT 1
| #define HAVE_ICONV 1
| #define HAVE_ICONV_H 1
| #define HAVE_ARPA_INET_H 1
| #define HAVE_FCNTL_H 1
| #define HAVE_NETINET_IN_H 1
| #define HAVE_STDINT_H 1
| #define HAVE_STDLIB_H 1
| #define HAVE_STRING_H 1
| #define HAVE_SYS_IOCTL_H 1
| #define HAVE_SYS_SOCKET_H 1
| #define HAVE_SYS_TIME_H 1
| #define HAVE_UNISTD_H 1
| #define HAVE_LOCALE_H 1
| /* end confdefs.h.  */
| #include <stddef.h>
| #ifdef HAVE_STDIO_H
| # include <stdio.h>
| #endif
| #ifdef HAVE_STDLIB_H
| # include <stdlib.h>
| #endif
| #ifdef HAVE_STRING_H
| # include <string.h>
| #endif
| #ifdef HAVE_INTTYPES_H
| # include <inttypes.h>
| #endif
| #ifdef HAVE_STDINT_H
| # include <stdint.h>
| #endif
| #ifdef HAVE_STRINGS_H
| # include <strings.h>
| #endif
| #ifdef HAVE_SYS_TYPES_H
| # include <sys/types.h>
| #endif
| #ifdef HAVE_SYS_STAT_H
| # include <sys/stat.h>
| #endif
| #ifdef HAVE_UNISTD_H
| # include <unistd.h>
| #endif
| int
| main (void)
| {
| if (sizeof ((size_t)))
| 	    return 0;
|   ;
|   return 0;
| }
configure:6958: result: yes
configure:6970: checking for atexit
configure:6970: gcc -o conftest  -Os -Wall   conftest.c -ldl -ldl -liconv  >&5
configure:6970: $? = 0
configure:6970: result: yes
configure:6976: checking for memmove
configure:6976: gcc -o conftest  -Os -Wall   conftest.c -ldl -ldl -liconv  >&5
conftest.c:58:6: warning: incompatible redeclaration of library function 'memmove' [-Wincompatible-library-redeclaration]
char memmove ();
     ^
conftest.c:58:6: note: 'memmove' is a builtin with type 'void *(void *, const void *, unsigned long)'
1 warning generated.
configure:6976: $? = 0
configure:6976: result: yes
configure:6982: checking for memset
configure:6982: gcc -o conftest  -Os -Wall   conftest.c -ldl -ldl -liconv  >&5
conftest.c:59:6: warning: incompatible redeclaration of library function 'memset' [-Wincompatible-library-redeclaration]
char memset ();
     ^
conftest.c:59:6: note: 'memset' is a builtin with type 'void *(void *, int, unsigned long)'
1 warning generated.
configure:6982: $? = 0
configure:6982: result: yes
configure:6988: checking for socket
configure:6988: gcc -o conftest  -Os -Wall   conftest.c -ldl -ldl -liconv  >&5
configure:6988: $? = 0
configure:6988: result: yes
configure:6994: checking for strrchr
configure:6994: gcc -o conftest  -Os -Wall   conftest.c -ldl -ldl -liconv  >&5
conftest.c:61:6: warning: incompatible redeclaration of library function 'strrchr' [-Wincompatible-library-redeclaration]
char strrchr ();
     ^
conftest.c:61:6: note: 'strrchr' is a builtin with type 'char *(const char *, int)'
1 warning generated.
configure:6994: $? = 0
configure:6994: result: yes
configure:7000: checking for setlocale
configure:7000: gcc -o conftest  -Os -Wall   conftest.c -ldl -ldl -liconv  >&5
configure:7000: $? = 0
configure:7000: result: yes
configure:7011: result: config result: host(darwin21.0.1) pcap(dyload) notify(yes) encode(yes) arp(yes) nls(yes)
configure:7122: checking that generated files are newer than configure
configure:7128: result: done
configure:7152: creating ./config.status

## ---------------------- ##
## Running config.status. ##
## ---------------------- ##

This file was extended by mentohust config.status 0.3.1, which was
generated by GNU Autoconf 2.71.  Invocation command line was

  CONFIG_FILES    = 
  CONFIG_HEADERS  = 
  CONFIG_LINKS    = 
  CONFIG_COMMANDS = 
  $ ./config.status 

on Harukide-MBP.lan

config.status:908: creating Makefile
config.status:908: creating src/Makefile
config.status:908: creating po/Makefile.in
config.status:908: creating mentohust.spec
config.status:908: creating config.h
config.status:1089: config.h is unchanged
config.status:1137: executing depfiles commands
config.status:1214: cd src       && sed -e '/# am--include-marker/d' Makefile         | make -f - am--depfiles
make: Nothing to be done for `am--depfiles'.
config.status:1219: $? = 0
config.status:1137: executing po-directories commands

## ---------------- ##
## Cache variables. ##
## ---------------- ##

ac_cv_build=aarch64-apple-darwin21.0.1
ac_cv_c_bigendian=no
ac_cv_c_compiler_gnu=yes
ac_cv_env_CC_set=
ac_cv_env_CC_value=
ac_cv_env_CFLAGS_set=
ac_cv_env_CFLAGS_value=
ac_cv_env_CPPFLAGS_set=
ac_cv_env_CPPFLAGS_value=
ac_cv_env_LDFLAGS_set=
ac_cv_env_LDFLAGS_value=
ac_cv_env_LIBS_set=
ac_cv_env_LIBS_value=
ac_cv_env_build_alias_set=
ac_cv_env_build_alias_value=
ac_cv_env_host_alias_set=
ac_cv_env_host_alias_value=
ac_cv_env_target_alias_set=
ac_cv_env_target_alias_value=
ac_cv_func_atexit=yes
ac_cv_func_memmove=yes
ac_cv_func_memset=yes
ac_cv_func_setlocale=yes
ac_cv_func_socket=yes
ac_cv_func_strrchr=yes
ac_cv_header_arpa_inet_h=yes
ac_cv_header_fcntl_h=yes
ac_cv_header_iconv_h=yes
ac_cv_header_inttypes_h=yes
ac_cv_header_libintl_h=no
ac_cv_header_locale_h=yes
ac_cv_header_netinet_in_h=yes
ac_cv_header_stdint_h=yes
ac_cv_header_stdio_h=yes
ac_cv_header_stdlib_h=yes
ac_cv_header_string_h=yes
ac_cv_header_strings_h=yes
ac_cv_header_sys_ioctl_h=yes
ac_cv_header_sys_socket_h=yes
ac_cv_header_sys_stat_h=yes
ac_cv_header_sys_time_h=yes
ac_cv_header_sys_types_h=yes
ac_cv_header_unistd_h=yes
ac_cv_host=aarch64-apple-darwin21.0.1
ac_cv_lib_dl_dlsym=yes
ac_cv_lib_iconv_iconv=yes
ac_cv_objext=o
ac_cv_path_GMSGFMT=/opt/homebrew/bin/msgfmt
ac_cv_path_MSGFMT=/opt/homebrew/bin/msgfmt
ac_cv_path_MSGMERGE=/opt/homebrew/bin/msgmerge
ac_cv_path_XGETTEXT=/opt/homebrew/bin/xgettext
ac_cv_path_install='/usr/bin/install -c'
ac_cv_prog_AWK=awk
ac_cv_prog_ac_ct_CC=gcc
ac_cv_prog_cc_c11=
ac_cv_prog_cc_g=yes
ac_cv_prog_cc_stdc=
ac_cv_prog_make_make_set=yes
ac_cv_type_size_t=yes
acl_cv_hardcode_direct=no
acl_cv_hardcode_libdir_flag_spec=
acl_cv_hardcode_libdir_separator=
acl_cv_hardcode_minus_L=no
acl_cv_libext=a
acl_cv_path_LD=/Applications/Xcode.app/Contents/Developer/Toolchains/XcodeDefault.xctoolchain/usr/bin/ld
acl_cv_prog_gnu_ld=no
acl_cv_rpath=done
acl_cv_shlibext=dylib
acl_cv_wl=-Wl,
am_cv_CC_dependencies_compiler_type=gcc3
am_cv_func_iconv=yes
am_cv_lib_iconv=no
am_cv_make_support_nested_variables=yes
am_cv_prog_cc_c_o=yes
gt_cv_func_CFLocaleCopyCurrent=yes
gt_cv_func_CFPreferencesCopyAppValue=yes
gt_cv_func_gnugettext1_libc=no
gt_cv_func_gnugettext1_libintl=no

## ----------------- ##
## Output variables. ##
## ----------------- ##

ACLOCAL='${SHELL} '\''/Users/yanlc/Documents/git/mentohust/missing'\'' aclocal-1.16'
AMDEPBACKSLASH='\'
AMDEP_FALSE='#'
AMDEP_TRUE=''
AMTAR='$${TAR-tar}'
AM_BACKSLASH='\'
AM_DEFAULT_V='$(AM_DEFAULT_VERBOSITY)'
AM_DEFAULT_VERBOSITY='0'
AM_V='$(V)'
AUTOCONF='${SHELL} '\''/Users/yanlc/Documents/git/mentohust/missing'\'' autoconf'
AUTOHEADER='${SHELL} '\''/Users/yanlc/Documents/git/mentohust/missing'\'' autoheader'
AUTOMAKE='${SHELL} '\''/Users/yanlc/Documents/git/mentohust/missing'\'' automake-1.16'
AWK='awk'
CC='gcc'
CCDEPMODE='depmode=gcc3'
CFLAGS=' -Os -Wall'
CPPFLAGS=''
CSCOPE='cscope'
CTAGS='ctags'
CYGPATH_W='echo'
DEFS='-DHAVE_CONFIG_H'
DEPDIR='.deps'
ECHO_C='\c'
ECHO_N=''
ECHO_T=''
ETAGS='etags'
EXEEXT=''
GETTEXT_PACKAGE='mentohust'
GMSGFMT='/opt/homebrew/bin/msgfmt'
GMSGFMT_015='/opt/homebrew/bin/msgfmt'
INSTALL_DATA='${INSTALL} -m 644'
INSTALL_PROGRAM='${INSTALL}'
INSTALL_SCRIPT='${INSTALL}'
INSTALL_STRIP_PROGRAM='$(install_sh) -c -s'
INTLLIBS=''
INTL_MACOSX_LIBS='-Wl,-framework -Wl,CoreFoundation'
LDADD=''
LDFLAGS=''
LIBICONV=''
LIBINTL=''
LIBOBJS=''
LIBS='-ldl -ldl -liconv '
LTLIBICONV=''
LTLIBINTL=''
LTLIBOBJS=''
MAKEINFO='${SHELL} '\''/Users/yanlc/Documents/git/mentohust/missing'\'' makeinfo'
MKDIR_P='./install-sh -c -d'
MSGFMT='/opt/homebrew/bin/msgfmt'
MSGFMT_015='/opt/homebrew/bin/msgfmt'
MSGMERGE='/opt/homebrew/bin/msgmerge'
OBJEXT='o'
PACKAGE='mentohust'
PACKAGE_BUGREPORT='http://code.google.com/p/mentohust/issues/list'
PACKAGE_NAME='mentohust'
PACKAGE_STRING='mentohust 0.3.1'
PACKAGE_TARNAME='mentohust'
PACKAGE_URL=''
PACKAGE_VERSION='0.3.1'
PATH_SEPARATOR=':'
POSUB=''
SET_MAKE=''
SHELL='/bin/sh'
STRIP=''
USE_NLS='no'
VERSION='0.3.1'
XGETTEXT='/opt/homebrew/bin/xgettext'
XGETTEXT_015='/opt/homebrew/bin/xgettext'
ac_ct_CC='gcc'
am__EXEEXT_FALSE=''
am__EXEEXT_TRUE='#'
am__fastdepCC_FALSE='#'
am__fastdepCC_TRUE=''
am__include='include'
am__isrc=''
am__leading_dot='.'
am__nodep='_no'
am__quote=''
am__tar='$${TAR-tar} chof - "$$tardir"'
am__untar='$${TAR-tar} xf -'
bindir='${exec_prefix}/bin'
build='aarch64-apple-darwin21.0.1'
build_alias=''
build_cpu='aarch64'
build_os='darwin21.0.1'
build_vendor='apple'
datadir='${datarootdir}'
datarootdir='${prefix}/share'
docdir='${datarootdir}/doc/${PACKAGE_TARNAME}'
dvidir='${docdir}'
exec_prefix='${prefix}'
host='aarch64-apple-darwin21.0.1'
host_alias=''
host_cpu='aarch64'
host_os='darwin21.0.1'
host_vendor='apple'
htmldir='${docdir}'
includedir='${prefix}/include'
infodir='${datarootdir}/info'
install_sh='${SHELL} /Users/yanlc/Documents/git/mentohust/install-sh'
libdir='${exec_prefix}/lib'
libexecdir='${exec_prefix}/libexec'
localedir='${datarootdir}/locale'
localstatedir='${prefix}/var'
mandir='${datarootdir}/man'
mkdir_p='$(top_builddir)/./install-sh -c -d'
oldincludedir='/usr/include'
pdfdir='${docdir}'
prefix='/usr'
program_transform_name='s,x,x,'
psdir='${docdir}'
runstatedir='${localstatedir}/run'
sbindir='${exec_prefix}/sbin'
sharedstatedir='${prefix}/com'
sysconfdir='${prefix}/etc'
target_alias=''

## ----------- ##
## confdefs.h. ##
## ----------- ##

/* confdefs.h */
#define PACKAGE_NAME "mentohust"
#define PACKAGE_TARNAME "mentohust"
#define PACKAGE_VERSION "0.3.1"
#define PACKAGE_STRING "mentohust 0.3.1"
#define PACKAGE_BUGREPORT "http://code.google.com/p/mentohust/issues/list"
#define PACKAGE_URL ""
#define PACKAGE "mentohust"
#define VERSION "0.3.1"
#define HAVE_STDIO_H 1
#define HAVE_STDLIB_H 1
#define HAVE_STRING_H 1
#define HAVE_INTTYPES_H 1
#define HAVE_STDINT_H 1
#define HAVE_STRINGS_H 1
#define HAVE_SYS_STAT_H 1
#define HAVE_SYS_TYPES_H 1
#define HAVE_UNISTD_H 1
#define STDC_HEADERS 1
#define MAC_OS /**/
#define HAVE_LIBICONV 1
#define HAVE_LIBDL 1
#define HAVE_LIBDL 1
#define GETTEXT_PACKAGE "mentohust"
#define HAVE_CFPREFERENCESCOPYAPPVALUE 1
#define HAVE_CFLOCALECOPYCURRENT 1
#define HAVE_ICONV 1
#define HAVE_ICONV_H 1
#define HAVE_ARPA_INET_H 1
#define HAVE_FCNTL_H 1
#define HAVE_NETINET_IN_H 1
#define HAVE_STDINT_H 1
#define HAVE_STDLIB_H 1
#define HAVE_STRING_H 1
#define HAVE_SYS_IOCTL_H 1
#define HAVE_SYS_SOCKET_H 1
#define HAVE_SYS_TIME_H 1
#define HAVE_UNISTD_H 1
#define HAVE_LOCALE_H 1
#define HAVE_ATEXIT 1
#define HAVE_MEMMOVE 1
#define HAVE_MEMSET 1
#define HAVE_SOCKET 1
#define HAVE_STRRCHR 1
#define HAVE_SETLOCALE 1

configure: exit 0
